<?xml version="1.0" encoding="UTF-8"?>
<coverage generated="1643736902737" clover="3.2.0">
  <project timestamp="1643736902737" name="All files">
    <metrics statements="12" coveredstatements="12" conditionals="2" coveredconditionals="2" methods="8" coveredmethods="8" elements="22" coveredelements="22" complexity="0" loc="12" ncloc="12" packages="1" files="2" classes="2"/>
    <file name="ByCodersNavBar.vue" path="/home/murilo/code/tests/bycoders/src/components/ByCodersNavBar.vue">
      <metrics statements="5" coveredstatements="5" conditionals="0" coveredconditionals="0" methods="4" coveredmethods="4"/>
      <line num="25" count="5" type="stmt"/>
      <line num="32" count="2" type="stmt"/>
      <line num="35" count="1" type="stmt"/>
      <line num="38" count="1" type="stmt"/>
      <line num="39" count="1" type="stmt"/>
    </file>
    <file name="FeaturedVideosByCategory.vue" path="/home/murilo/code/tests/bycoders/src/components/FeaturedVideosByCategory.vue">
      <metrics statements="7" coveredstatements="7" conditionals="2" coveredconditionals="2" methods="4" coveredmethods="4"/>
      <line num="22" count="1" type="stmt"/>
      <line num="36" count="3" type="stmt"/>
      <line num="37" count="1" type="stmt"/>
      <line num="42" count="3" type="stmt"/>
      <line num="44" count="3" type="stmt"/>
      <line num="45" count="5" type="cond" truecount="2" falsecount="0"/>
      <line num="49" count="3" type="stmt"/>
    </file>
  </project>
</coverage>
