TN:
SF:/home/murilo/code/tests/bycoders/src/components/ByCodersNavBar.vue
FN:24,(anonymous_1)
FN:31,(anonymous_2)
FN:32,(anonymous_3)
FN:36,(anonymous_4)
FNF:4
FNH:4
FNDA:5,(anonymous_1)
FNDA:2,(anonymous_2)
FNDA:1,(anonymous_3)
FNDA:1,(anonymous_4)
DA:25,5
DA:32,2
DA:35,1
DA:38,1
DA:39,1
LF:5
LH:5
BRF:0
BRH:0
end_of_record
TN:
SF:/home/murilo/code/tests/bycoders/src/components/FeaturedVideosByCategory.vue
FN:35,(anonymous_1)
FN:36,(anonymous_2)
FN:41,(anonymous_3)
FN:44,(anonymous_4)
FNF:4
FNH:4
FNDA:3,(anonymous_1)
FNDA:1,(anonymous_2)
FNDA:3,(anonymous_3)
FNDA:3,(anonymous_4)
DA:22,1
DA:36,3
DA:37,1
DA:42,3
DA:44,3
DA:45,5
DA:49,3
LF:7
LH:7
BRDA:45,0,0,2
BRDA:45,0,1,1
BRF:2
BRH:2
end_of_record
